#
# A fatal error has been detected by the Java Runtime Environment:
#
#  SIGBUS (0x7) at pc=0x00007f60115b96d2, pid=2852, tid=140050627274496
#
# JRE version: Java(TM) SE Runtime Environment (8.0_05-b13) (build 1.8.0_05-b13)
# Java VM: Java HotSpot(TM) 64-Bit Server VM (25.5-b02 mixed mode linux-amd64 compressed oops)
# Problematic frame:
# C  [libzip.so+0x116d2]  newEntry+0x62
#
# Failed to write core dump. Core dumps have been disabled. To enable core dumping, try "ulimit -c unlimited" before starting Java again
#
# If you would like to submit a bug report, please visit:
#   http://bugreport.sun.com/bugreport/crash.jsp
# The crash happened outside the Java Virtual Machine in native code.
# See problematic frame for where to report the bug.
#

---------------  T H R E A D  ---------------

Current thread (0x00007f600c008800):  JavaThread "main" [_thread_in_native, id=2853, stack(0x00007f6013d3a000,0x00007f6013e3b000)]

siginfo:si_signo=SIGBUS: si_errno=0, si_code=2 (BUS_ADRERR), si_addr=0x00007f6013e4e379

Registers:
RAX=0x00007f600c143800, RBX=0x00007f600c142c90, RCX=0x00007f600c143800, RDX=0x00007f600c143800
RSP=0x00007f6013e39000, RBP=0x00007f6013e39050, RSI=0x00007f600c143840, RDI=0x0000000000000000
R8 =0x0000000000000003, R9 =0x0000000000000048, R10=0x0000000000000005, R11=0x464e492d4154454d
R12=0x00007f6013e4e35c, R13=0x00007f600c143800, R14=0x000000005bbd78a2, R15=0x00007f600c142b00
RIP=0x00007f60115b96d2, EFLAGS=0x0000000000010206, CSGSFS=0x0000000000000033, ERR=0x0000000000000004
  TRAPNO=0x000000000000000e

Top of Stack: (sp=0x00007f6013e39000)
0x00007f6013e39000:   00007f6013e39090 00007f6000000000
0x00007f6013e39010:   00007f6013e39020 00007f6012b79c0e
0x00007f6013e39020:   00007f600c143800 00007f600c142c90
0x00007f6013e39030:   00007f600c142b00 0000000000000000
0x00007f6013e39040:   000000005bbd78a2 00007f6013e390b0
0x00007f6013e39050:   00007f6013e39090 00007f60115b9e00
0x00007f6013e39060:   0000001413e39090 00007f6013e390b0
0x00007f6013e39070:   0000000000000014 00007f600c0089e0
0x00007f6013e39080:   00007f6013e390b0 00007f6013e39588
0x00007f6013e39090:   00007f6013e394f0 00007f60115abc9d
0x00007f6013e390a0:   01007f6000000000 00007f600c142b00
0x00007f6013e390b0:   464e492d4154454d 534546494e414d2f
0x00007f6013e390c0:   00007f00464d2e54 0000000000000000
0x00007f6013e390d0:   00007f5ffd00ec17 00007f6013e39278
0x00007f6013e390e0:   00007f5ffd0611a0 000000000000002e
0x00007f6013e390f0:   00007f6013e39180 00007f6013e393f0
0x00007f6013e39100:   00007f6013e39460 00000000001432d7
0x00007f6013e39110:   00007f6013e39130 00007f6012756b9f
0x00007f6013e39120:   000000000000002e 000000000000002e
0x00007f6013e39130:   00007f6013e39450 00007f60129386ad
0x00007f6013e39140:   0000000010000031 0000000000000000
0x00007f6013e39150:   00007f6013e39180 00007f6013e393b0
0x00007f6013e39160:   00007f6013e39400 00007f6013e39310
0x00007f6013e39170:   00007f600c005890 00007f5ffd059215
0x00007f6013e39180:   00007f6012d91851 0000000000000000
0x00007f6013e39190:   0000000000000000 0000000000000000
0x00007f6013e391a0:   0000000000000000 0000000000000000
0x00007f6013e391b0:   0000000000000000 0000000000000000
0x00007f6013e391c0:   0000000000000000 00007f6012000000
0x00007f6013e391d0:   00007f6013e39180 00007f5ffd060da0
0x00007f6013e391e0:   0000000000000000 00007f5ffd060dc5
0x00007f6013e391f0:   00007f5ffd0611a0 0000000000000000 

Instructions: (pc=0x00007f60115b96d2)
0x00007f60115b96b2:   00 48 c7 40 28 00 00 00 00 41 80 7f 30 00 0f 84
0x00007f60115b96c2:   8a 02 00 00 4c 8b 63 08 4d 2b 67 28 4d 03 67 18
0x00007f60115b96d2:   41 0f b6 5c 24 1d 41 0f b6 44 24 1c c1 e3 08 09
0x00007f60115b96e2:   c3 41 0f b6 44 24 1e 88 45 bd 41 0f b6 54 24 20 

Register to memory mapping:

RAX=0x00007f600c143800 is an unknown value
RBX=0x00007f600c142c90 is an unknown value
RCX=0x00007f600c143800 is an unknown value
RDX=0x00007f600c143800 is an unknown value
RSP=0x00007f6013e39000 is pointing into the stack for thread: 0x00007f600c008800
RBP=0x00007f6013e39050 is pointing into the stack for thread: 0x00007f600c008800
RSI=0x00007f600c143840 is an unknown value
RDI=0x0000000000000000 is an unknown value
R8 =0x0000000000000003 is an unknown value
R9 =0x0000000000000048 is an unknown value
R10=0x0000000000000005 is an unknown value
R11=0x464e492d4154454d is an unknown value
R12=0x00007f6013e4e35c is an unknown value
R13=0x00007f600c143800 is an unknown value
R14=0x000000005bbd78a2 is an unknown value
R15=0x00007f600c142b00 is an unknown value


Stack: [0x00007f6013d3a000,0x00007f6013e3b000],  sp=0x00007f6013e39000,  free space=1020k
Native frames: (J=compiled Java code, j=interpreted, Vv=VM code, C=native code)
C  [libzip.so+0x116d2]  newEntry+0x62
C  [libzip.so+0x11e00]  ZIP_GetEntry+0xd0
C  [libzip.so+0x3c9d]  Java_java_util_zip_ZipFile_getEntry+0xad
j  java.util.zip.ZipFile.getEntry(J[BZ)J+0
j  java.util.zip.ZipFile.getEntry(Ljava/lang/String;)Ljava/util/zip/ZipEntry;+38
j  java.util.jar.JarFile.getEntry(Ljava/lang/String;)Ljava/util/zip/ZipEntry;+2
j  java.util.jar.JarFile.getJarEntry(Ljava/lang/String;)Ljava/util/jar/JarEntry;+2
j  java.util.jar.JarFile.getManEntry()Ljava/util/jar/JarEntry;+11
j  java.util.jar.JarFile.getManifestFromReference()Ljava/util/jar/Manifest;+27
j  java.util.jar.JarFile.getManifest()Ljava/util/jar/Manifest;+1
j  sun.launcher.LauncherHelper.getMainClassFromJar(Ljava/lang/String;)Ljava/lang/String;+14
j  sun.launcher.LauncherHelper.checkAndLoadMain(ZILjava/lang/String;)Ljava/lang/Class;+38
v  ~StubRoutines::call_stub
V  [libjvm.so+0x627356]  JavaCalls::call_helper(JavaValue*, methodHandle*, JavaCallArguments*, Thread*)+0x1056
V  [libjvm.so+0x66ee66]  jni_invoke_static(JNIEnv_*, JavaValue*, _jobject*, JNICallType, _jmethodID*, JNI_ArgumentPusher*, Thread*)+0x346
V  [libjvm.so+0x6825b5]  jni_CallStaticObjectMethod+0x175
C  [libjli.so+0x7699]  JavaMain+0x6f9

Java frames: (J=compiled Java code, j=interpreted, Vv=VM code)
j  java.util.zip.ZipFile.getEntry(J[BZ)J+0
j  java.util.zip.ZipFile.getEntry(Ljava/lang/String;)Ljava/util/zip/ZipEntry;+38
j  java.util.jar.JarFile.getEntry(Ljava/lang/String;)Ljava/util/zip/ZipEntry;+2
j  java.util.jar.JarFile.getJarEntry(Ljava/lang/String;)Ljava/util/jar/JarEntry;+2
j  java.util.jar.JarFile.getManEntry()Ljava/util/jar/JarEntry;+11
j  java.util.jar.JarFile.getManifestFromReference()Ljava/util/jar/Manifest;+27
j  java.util.jar.JarFile.getManifest()Ljava/util/jar/Manifest;+1
j  sun.launcher.LauncherHelper.getMainClassFromJar(Ljava/lang/String;)Ljava/lang/String;+14
j  sun.launcher.LauncherHelper.checkAndLoadMain(ZILjava/lang/String;)Ljava/lang/Class;+38
v  ~StubRoutines::call_stub

---------------  P R O C E S S  ---------------

Java Threads: ( => current thread )
  0x00007f600c135000 JavaThread "Service Thread" daemon [_thread_blocked, id=2867, stack(0x00007f5ffa250000,0x00007f5ffa351000)]
  0x00007f600c132800 JavaThread "C1 CompilerThread1" daemon [_thread_blocked, id=2866, stack(0x00007f5ffa351000,0x00007f5ffa452000)]
  0x00007f600c12f800 JavaThread "C2 CompilerThread0" daemon [_thread_blocked, id=2865, stack(0x00007f5ffa452000,0x00007f5ffa553000)]
  0x00007f600c12d800 JavaThread "Signal Dispatcher" daemon [_thread_blocked, id=2864, stack(0x00007f5ffa553000,0x00007f5ffa654000)]
  0x00007f600c0fe000 JavaThread "Finalizer" daemon [_thread_blocked, id=2861, stack(0x00007f5ffa654000,0x00007f5ffa755000)]
  0x00007f600c0fa000 JavaThread "Reference Handler" daemon [_thread_blocked, id=2859, stack(0x00007f5ffa755000,0x00007f5ffa856000)]
=>0x00007f600c008800 JavaThread "main" [_thread_in_native, id=2853, stack(0x00007f6013d3a000,0x00007f6013e3b000)]

Other Threads:
  0x00007f600c0f5000 VMThread [stack: 0x00007f5ffa856000,0x00007f5ffa957000] [id=2856]
  0x00007f600c13a000 WatcherThread [stack: 0x0000000000000000,0x0000000000000000] [id=2868]

VM state:not at safepoint (normal execution)

VM Mutex/Monitor currently owned by a thread: None

Heap:
 PSYoungGen      total 1024K, used 337K [0x00000000ec400000, 0x00000000ec580000, 0x0000000100000000)
  eden space 512K, 65% used [0x00000000ec400000,0x00000000ec454620,0x00000000ec480000)
  from space 512K, 0% used [0x00000000ec500000,0x00000000ec500000,0x00000000ec580000)
  to   space 512K, 0% used [0x00000000ec480000,0x00000000ec480000,0x00000000ec500000)
 ParOldGen       total 59904K, used 0K [0x00000000c4c00000, 0x00000000c8680000, 0x00000000ec400000)
  object space 59904K, 0% used [0x00000000c4c00000,0x00000000c4c00000,0x00000000c8680000)
 Metaspace       used 2298K, capacity 4480K, committed 4480K, reserved 1056768K
  class space    used 252K, capacity 384K, committed 384K, reserved 1048576K

Card table byte_map: [0x00007f601100d000,0x00007f60111e8000] byte_map_base: 0x00007f60109e7000

Marking Bits: (ParMarkBitMap*) 0x00007f6013214cc0
 Begin Bits: [0x00007f5ffb260000, 0x00007f5ffc130000)
 End Bits:   [0x00007f5ffc130000, 0x00007f5ffd000000)

Polling page: 0x00007f6013e58000

CodeCache: size=245760Kb used=1060Kb max_used=1060Kb free=244700Kb
 bounds [0x00007f5ffd000000, 0x00007f5ffd270000, 0x00007f600c000000]
 total_blobs=225 nmethods=3 adapters=138
 compilation: enabled

Compilation events (6 events):
Event: 0,044 Thread 0x00007f600c132800    1       3       java.lang.Object::<init> (1 bytes)
Event: 0,045 Thread 0x00007f600c132800 nmethod 1 0x00007f5ffd106f50 code [0x00007f5ffd1070a0, 0x00007f5ffd1071f0]
Event: 0,045 Thread 0x00007f600c132800    2       3       java.lang.String::hashCode (55 bytes)
Event: 0,045 Thread 0x00007f600c132800 nmethod 2 0x00007f5ffd107290 code [0x00007f5ffd107400, 0x00007f5ffd107690]
Event: 0,045 Thread 0x00007f600c132800    3       3       java.lang.String::equals (81 bytes)
Event: 0,045 Thread 0x00007f600c132800 nmethod 3 0x00007f5ffd107790 code [0x00007f5ffd107920, 0x00007f5ffd107e50]

GC Heap History (0 events):
No events

Deoptimization events (0 events):
No events

Internal exceptions (2 events):
Event: 0,019 Thread 0x00007f600c008800 Exception <a 'java/lang/NoSuchMethodError': Method sun.misc.Unsafe.defineClass(Ljava/lang/String;[BII)Ljava/lang/Class; name or signature does not match> (0x00000000ec411d50) thrown at [/HUDSON/workspace/8-2-build-linux-amd64/jdk8u5/2488/hotspot/src/share
Event: 0,019 Thread 0x00007f600c008800 Exception <a 'java/lang/NoSuchMethodError': Method sun.misc.Unsafe.prefetchRead(Ljava/lang/Object;J)V name or signature does not match> (0x00000000ec411fe0) thrown at [/HUDSON/workspace/8-2-build-linux-amd64/jdk8u5/2488/hotspot/src/share/vm/prims/jni.cpp,

Events (10 events):
Event: 0,048 loading class sun/nio/ch/DirectBuffer
Event: 0,048 loading class sun/nio/ch/DirectBuffer done
Event: 0,048 loading class java/nio/DirectByteBuffer
Event: 0,048 loading class java/nio/MappedByteBuffer
Event: 0,048 loading class java/nio/MappedByteBuffer done
Event: 0,048 loading class java/nio/DirectByteBuffer done
Event: 0,048 loading class java/nio/DirectLongBufferU
Event: 0,048 loading class java/nio/LongBuffer
Event: 0,048 loading class java/nio/LongBuffer done
Event: 0,048 loading class java/nio/DirectLongBufferU done


Dynamic libraries:
00400000-00401000 r-xp 00000000 fd:00 35054964                           /opt/jdk/jdk1.8.0_05/bin/java
00600000-00601000 rw-p 00000000 fd:00 35054964                           /opt/jdk/jdk1.8.0_05/bin/java
00bb1000-00bd2000 rw-p 00000000 00:00 0                                  [heap]
c4c00000-c8680000 rw-p 00000000 00:00 0 
c8680000-ec400000 ---p 00000000 00:00 0 
ec400000-ec580000 rw-p 00000000 00:00 0 
ec580000-100000000 ---p 00000000 00:00 0 
100000000-100060000 rw-p 00000000 00:00 0 
100060000-140000000 ---p 00000000 00:00 0 
7f5fc8000000-7f5fc8021000 rw-p 00000000 00:00 0 
7f5fc8021000-7f5fcc000000 ---p 00000000 00:00 0 
7f5fd0000000-7f5fd004e000 rw-p 00000000 00:00 0 
7f5fd004e000-7f5fd4000000 ---p 00000000 00:00 0 
7f5fd4000000-7f5fd4021000 rw-p 00000000 00:00 0 
7f5fd4021000-7f5fd8000000 ---p 00000000 00:00 0 
7f5fd8000000-7f5fd8021000 rw-p 00000000 00:00 0 
7f5fd8021000-7f5fdc000000 ---p 00000000 00:00 0 
7f5fddad7000-7f5fe4000000 r--p 00000000 fd:00 100666290                  /usr/lib/locale/locale-archive
7f5fe4000000-7f5fe4021000 rw-p 00000000 00:00 0 
7f5fe4021000-7f5fe8000000 ---p 00000000 00:00 0 
7f5fe8000000-7f5fe8021000 rw-p 00000000 00:00 0 
7f5fe8021000-7f5fec000000 ---p 00000000 00:00 0 
7f5fec000000-7f5fec021000 rw-p 00000000 00:00 0 
7f5fec021000-7f5ff0000000 ---p 00000000 00:00 0 
7f5ff0000000-7f5ff0021000 rw-p 00000000 00:00 0 
7f5ff0021000-7f5ff4000000 ---p 00000000 00:00 0 
7f5ff4000000-7f5ff4021000 rw-p 00000000 00:00 0 
7f5ff4021000-7f5ff8000000 ---p 00000000 00:00 0 
7f5ff9ee7000-7f5ffa14f000 rw-p 00000000 00:00 0 
7f5ffa14f000-7f5ffa150000 ---p 00000000 00:00 0 
7f5ffa150000-7f5ffa250000 rw-p 00000000 00:00 0 
7f5ffa250000-7f5ffa253000 ---p 00000000 00:00 0 
7f5ffa253000-7f5ffa351000 rw-p 00000000 00:00 0 
7f5ffa351000-7f5ffa354000 ---p 00000000 00:00 0 
7f5ffa354000-7f5ffa452000 rw-p 00000000 00:00 0 
7f5ffa452000-7f5ffa455000 ---p 00000000 00:00 0 
7f5ffa455000-7f5ffa553000 rw-p 00000000 00:00 0 
7f5ffa553000-7f5ffa556000 ---p 00000000 00:00 0 
7f5ffa556000-7f5ffa654000 rw-p 00000000 00:00 0 
7f5ffa654000-7f5ffa657000 ---p 00000000 00:00 0 
7f5ffa657000-7f5ffa755000 rw-p 00000000 00:00 0 
7f5ffa755000-7f5ffa758000 ---p 00000000 00:00 0 
7f5ffa758000-7f5ffa856000 rw-p 00000000 00:00 0 
7f5ffa856000-7f5ffa857000 ---p 00000000 00:00 0 
7f5ffa857000-7f5ffd000000 rw-p 00000000 00:00 0 
7f5ffd000000-7f5ffd270000 rwxp 00000000 00:00 0 
7f5ffd270000-7f600c000000 ---p 00000000 00:00 0 
7f600c000000-7f600c152000 rw-p 00000000 00:00 0 
7f600c152000-7f6010000000 ---p 00000000 00:00 0 
7f60100aa000-7f601027f000 r--s 03c4d000 fd:00 35062200                   /opt/jdk/jdk1.8.0_05/jre/lib/rt.jar
7f601027f000-7f60106f5000 rw-p 00000000 00:00 0 
7f60106f5000-7f6010af5000 ---p 00000000 00:00 0 
7f6010af5000-7f6010ccf000 rw-p 00000000 00:00 0 
7f6010ccf000-7f6010cd0000 ---p 00000000 00:00 0 
7f6010cd0000-7f6010dd0000 rw-p 00000000 00:00 0 
7f6010dd0000-7f6010dd1000 ---p 00000000 00:00 0 
7f6010dd1000-7f6010eef000 rw-p 00000000 00:00 0 
7f6010eef000-7f601100d000 ---p 00000000 00:00 0 
7f601100d000-7f601102b000 rw-p 00000000 00:00 0 
7f601102b000-7f6011149000 ---p 00000000 00:00 0 
7f6011149000-7f601114a000 rw-p 00000000 00:00 0 
7f601114a000-7f60111e7000 ---p 00000000 00:00 0 
7f60111e7000-7f60111f2000 rw-p 00000000 00:00 0 
7f60111f2000-7f60115a8000 ---p 00000000 00:00 0 
7f60115a8000-7f60115c4000 r-xp 00000000 fd:00 67369469                   /opt/jdk/jdk1.8.0_05/jre/lib/amd64/libzip.so
7f60115c4000-7f60117c3000 ---p 0001c000 fd:00 67369469                   /opt/jdk/jdk1.8.0_05/jre/lib/amd64/libzip.so
7f60117c3000-7f60117c4000 rw-p 0001b000 fd:00 67369469                   /opt/jdk/jdk1.8.0_05/jre/lib/amd64/libzip.so
7f60117c4000-7f60117d0000 r-xp 00000000 fd:00 48841                      /usr/lib64/libnss_files-2.17.so
7f60117d0000-7f60119cf000 ---p 0000c000 fd:00 48841                      /usr/lib64/libnss_files-2.17.so
7f60119cf000-7f60119d0000 r--p 0000b000 fd:00 48841                      /usr/lib64/libnss_files-2.17.so
7f60119d0000-7f60119d1000 rw-p 0000c000 fd:00 48841                      /usr/lib64/libnss_files-2.17.so
7f60119d1000-7f60119d7000 rw-p 00000000 00:00 0 
7f60119d7000-7f6011a01000 r-xp 00000000 fd:00 76208539                   /opt/jdk/jdk1.8.0_05/jre/lib/amd64/libjava.so
7f6011a01000-7f6011c01000 ---p 0002a000 fd:00 76208539                   /opt/jdk/jdk1.8.0_05/jre/lib/amd64/libjava.so
7f6011c01000-7f6011c03000 rw-p 0002a000 fd:00 76208539                   /opt/jdk/jdk1.8.0_05/jre/lib/amd64/libjava.so
7f6011c03000-7f6011c10000 r-xp 00000000 fd:00 67369468                   /opt/jdk/jdk1.8.0_05/jre/lib/amd64/libverify.so
7f6011c10000-7f6011e10000 ---p 0000d000 fd:00 67369468                   /opt/jdk/jdk1.8.0_05/jre/lib/amd64/libverify.so
7f6011e10000-7f6011e12000 rw-p 0000d000 fd:00 67369468                   /opt/jdk/jdk1.8.0_05/jre/lib/amd64/libverify.so
7f6011e12000-7f6011e19000 r-xp 00000000 fd:00 48853                      /usr/lib64/librt-2.17.so
7f6011e19000-7f6012018000 ---p 00007000 fd:00 48853                      /usr/lib64/librt-2.17.so
7f6012018000-7f6012019000 r--p 00006000 fd:00 48853                      /usr/lib64/librt-2.17.so
7f6012019000-7f601201a000 rw-p 00007000 fd:00 48853                      /usr/lib64/librt-2.17.so
7f601201a000-7f601211b000 r-xp 00000000 fd:00 44479                      /usr/lib64/libm-2.17.so
7f601211b000-7f601231a000 ---p 00101000 fd:00 44479                      /usr/lib64/libm-2.17.so
7f601231a000-7f601231b000 r--p 00100000 fd:00 44479                      /usr/lib64/libm-2.17.so
7f601231b000-7f601231c000 rw-p 00101000 fd:00 44479                      /usr/lib64/libm-2.17.so
7f601231c000-7f6012f36000 r-xp 00000000 fd:00 3357218                    /opt/jdk/jdk1.8.0_05/jre/lib/amd64/server/libjvm.so
7f6012f36000-7f6013135000 ---p 00c1a000 fd:00 3357218                    /opt/jdk/jdk1.8.0_05/jre/lib/amd64/server/libjvm.so
7f6013135000-7f60131fe000 rw-p 00c19000 fd:00 3357218                    /opt/jdk/jdk1.8.0_05/jre/lib/amd64/server/libjvm.so
7f60131fe000-7f601323f000 rw-p 00000000 00:00 0 
7f601323f000-7f60133f7000 r-xp 00000000 fd:00 44471                      /usr/lib64/libc-2.17.so
7f60133f7000-7f60135f7000 ---p 001b8000 fd:00 44471                      /usr/lib64/libc-2.17.so
7f60135f7000-7f60135fb000 r--p 001b8000 fd:00 44471                      /usr/lib64/libc-2.17.so
7f60135fb000-7f60135fd000 rw-p 001bc000 fd:00 44471                      /usr/lib64/libc-2.17.so
7f60135fd000-7f6013602000 rw-p 00000000 00:00 0 
7f6013602000-7f6013604000 r-xp 00000000 fd:00 44477                      /usr/lib64/libdl-2.17.so
7f6013604000-7f6013804000 ---p 00002000 fd:00 44477                      /usr/lib64/libdl-2.17.so
7f6013804000-7f6013805000 r--p 00002000 fd:00 44477                      /usr/lib64/libdl-2.17.so
7f6013805000-7f6013806000 rw-p 00003000 fd:00 44477                      /usr/lib64/libdl-2.17.so
7f6013806000-7f601381d000 r-xp 00000000 fd:00 67369368                   /opt/jdk/jdk1.8.0_05/lib/amd64/jli/libjli.so
7f601381d000-7f6013a1c000 ---p 00017000 fd:00 67369368                   /opt/jdk/jdk1.8.0_05/lib/amd64/jli/libjli.so
7f6013a1c000-7f6013a1d000 rw-p 00016000 fd:00 67369368                   /opt/jdk/jdk1.8.0_05/lib/amd64/jli/libjli.so
7f6013a1d000-7f6013a34000 r-xp 00000000 fd:00 48849                      /usr/lib64/libpthread-2.17.so
7f6013a34000-7f6013c33000 ---p 00017000 fd:00 48849                      /usr/lib64/libpthread-2.17.so
7f6013c33000-7f6013c34000 r--p 00016000 fd:00 48849                      /usr/lib64/libpthread-2.17.so
7f6013c34000-7f6013c35000 rw-p 00017000 fd:00 48849                      /usr/lib64/libpthread-2.17.so
7f6013c35000-7f6013c39000 rw-p 00000000 00:00 0 
7f6013c39000-7f6013c5a000 r-xp 00000000 fd:00 44464                      /usr/lib64/ld-2.17.so
7f6013c7d000-7f6013d3a000 rw-p 00000000 00:00 0 
7f6013d3a000-7f6013d3d000 ---p 00000000 00:00 0 
7f6013d3d000-7f6013e3f000 rw-p 00000000 00:00 0 
7f6013e4b000-7f6013e4e000 rw-p 00000000 00:00 0 
7f6013e4e000-7f6013e4f000 r--s 00000000 fd:00 3112519                    /opt/pianolab/odin-lab/modules/odin-ibsclient/target/odin-ibsddclient.jar
7f6013e4f000-7f6013e57000 rw-s 00000000 fd:00 114441254                  /tmp/hsperfdata_root/2852
7f6013e57000-7f6013e58000 rw-p 00000000 00:00 0 
7f6013e58000-7f6013e59000 r--p 00000000 00:00 0 
7f6013e59000-7f6013e5a000 rw-p 00000000 00:00 0 
7f6013e5a000-7f6013e5b000 r--p 00021000 fd:00 44464                      /usr/lib64/ld-2.17.so
7f6013e5b000-7f6013e5c000 rw-p 00022000 fd:00 44464                      /usr/lib64/ld-2.17.so
7f6013e5c000-7f6013e5d000 rw-p 00000000 00:00 0 
7ffeaa63e000-7ffeaa65f000 rw-p 00000000 00:00 0                          [stack]
7ffeaa7f0000-7ffeaa7f2000 r-xp 00000000 00:00 0                          [vdso]
ffffffffff600000-ffffffffff601000 r-xp 00000000 00:00 0                  [vsyscall]

VM Arguments:
java_command: ./target/odin-ibsddclient.jar
java_class_path (initial): ./target/odin-ibsddclient.jar
Launcher Type: SUN_STANDARD

Environment Variables:
JAVA_HOME=/opt/jdk/jdk1.8.0_05/bin/java
PATH=/usr/lib64/qt-3.3/bin:/usr/local/sbin:/usr/local/bin:/usr/sbin:/usr/bin:/opt/jdk/jdk1.8.0_05/bin/java:/root/bin:/opt/jdk/jdk1.8.0_05/bin/
SHELL=/bin/bash

Signal Handlers:
SIGSEGV: [libjvm.so+0xa2fc90], sa_mask[0]=0x7ffbfeff, sa_flags=0x10000004
SIGBUS: [libjvm.so+0xa2fc90], sa_mask[0]=0x7ffbfeff, sa_flags=0x10000004
SIGFPE: [libjvm.so+0x89b4b0], sa_mask[0]=0x7ffbfeff, sa_flags=0x10000004
SIGPIPE: [libjvm.so+0x89b4b0], sa_mask[0]=0x7ffbfeff, sa_flags=0x10000004
SIGXFSZ: [libjvm.so+0x89b4b0], sa_mask[0]=0x7ffbfeff, sa_flags=0x10000004
SIGILL: [libjvm.so+0x89b4b0], sa_mask[0]=0x7ffbfeff, sa_flags=0x10000004
SIGUSR1: SIG_DFL, sa_mask[0]=0x00000000, sa_flags=0x00000000
SIGUSR2: [libjvm.so+0x89cc50], sa_mask[0]=0x00000000, sa_flags=0x10000004
SIGHUP: [libjvm.so+0x89df00], sa_mask[0]=0x7ffbfeff, sa_flags=0x10000004
SIGINT: [libjvm.so+0x89df00], sa_mask[0]=0x7ffbfeff, sa_flags=0x10000004
SIGTERM: [libjvm.so+0x89df00], sa_mask[0]=0x7ffbfeff, sa_flags=0x10000004
SIGQUIT: [libjvm.so+0x89df00], sa_mask[0]=0x7ffbfeff, sa_flags=0x10000004


---------------  S Y S T E M  ---------------

OS:Red Hat Enterprise Linux Server release 7.4 (Maipo)

uname:Linux 3.10.0-693.17.1.el7.x86_64 #1 SMP Sun Jan 14 10:36:03 EST 2018 x86_64
libc:glibc 2.17 NPTL 2.17 
rlimit: STACK 8192k, CORE 0k, NPROC 15039, NOFILE 4096, AS infinity
load average:0,26 0,27 0,25

/proc/meminfo:
MemTotal:        3882024 kB
MemFree:         2323664 kB
MemAvailable:    2917952 kB
Buffers:            2116 kB
Cached:           936436 kB
SwapCached:            0 kB
Active:           647060 kB
Inactive:         541024 kB
Active(anon):     368860 kB
Inactive(anon):    88848 kB
Active(file):     278200 kB
Inactive(file):   452176 kB
Unevictable:           0 kB
Mlocked:               0 kB
SwapTotal:       4063228 kB
SwapFree:        4063228 kB
Dirty:                32 kB
Writeback:             0 kB
AnonPages:        241424 kB
Mapped:           134668 kB
Shmem:            208176 kB
Slab:             188012 kB
SReclaimable:     137332 kB
SUnreclaim:        50680 kB
KernelStack:        5152 kB
PageTables:        22200 kB
NFS_Unstable:          0 kB
Bounce:                0 kB
WritebackTmp:          0 kB
CommitLimit:     6004240 kB
Committed_AS:    1972800 kB
VmallocTotal:   34359738367 kB
VmallocUsed:      157456 kB
VmallocChunk:   34359341052 kB
HardwareCorrupted:     0 kB
AnonHugePages:     65536 kB
HugePages_Total:       0
HugePages_Free:        0
HugePages_Rsvd:        0
HugePages_Surp:        0
Hugepagesize:       2048 kB
DirectMap4k:       81856 kB
DirectMap2M:     3063808 kB
DirectMap1G:     3145728 kB


CPU:total 2 (1 cores per cpu, 1 threads per core) family 6 model 63 stepping 2, cmov, cx8, fxsr, mmx, sse, sse2, sse3, ssse3, sse4.1, sse4.2, popcnt, avx, aes, clmul, erms, tsc, tscinvbit

/proc/cpuinfo:
processor	: 0
vendor_id	: GenuineIntel
cpu family	: 6
model		: 63
model name	: Intel(R) Xeon(R) CPU E5-2640 v3 @ 2.60GHz
stepping	: 2
microcode	: 0x37
cpu MHz		: 2593.993
cache size	: 20480 KB
physical id	: 0
siblings	: 1
core id		: 0
cpu cores	: 1
apicid		: 0
initial apicid	: 0
fpu		: yes
fpu_exception	: yes
cpuid level	: 15
wp		: yes
flags		: fpu vme de pse tsc msr pae mce cx8 apic sep mtrr pge mca cmov pat pse36 clflush dts mmx fxsr sse sse2 ss syscall nx pdpe1gb rdtscp lm constant_tsc arch_perfmon pebs bts nopl xtopology tsc_reliable nonstop_tsc aperfmperf pni pclmulqdq ssse3 fma cx16 pcid sse4_1 sse4_2 x2apic movbe popcnt aes xsave avx f16c rdrand hypervisor lahf_lm epb fsgsbase smep cqm_llc cqm_occup_llc dtherm ida arat pln pts
bogomips	: 5187.98
clflush size	: 64
cache_alignment	: 64
address sizes	: 40 bits physical, 48 bits virtual
power management:

processor	: 1
vendor_id	: GenuineIntel
cpu family	: 6
model		: 63
model name	: Intel(R) Xeon(R) CPU E5-2640 v3 @ 2.60GHz
stepping	: 2
microcode	: 0x37
cpu MHz		: 2593.993
cache size	: 20480 KB
physical id	: 2
siblings	: 1
core id		: 0
cpu cores	: 1
apicid		: 2
initial apicid	: 2
fpu		: yes
fpu_exception	: yes
cpuid level	: 15
wp		: yes
flags		: fpu vme de pse tsc msr pae mce cx8 apic sep mtrr pge mca cmov pat pse36 clflush dts mmx fxsr sse sse2 ss syscall nx pdpe1gb rdtscp lm constant_tsc arch_perfmon pebs bts nopl xtopology tsc_reliable nonstop_tsc aperfmperf pni pclmulqdq ssse3 fma cx16 pcid sse4_1 sse4_2 x2apic movbe popcnt aes xsave avx f16c rdrand hypervisor lahf_lm epb fsgsbase smep cqm_llc cqm_occup_llc dtherm ida arat pln pts
bogomips	: 5187.98
clflush size	: 64
cache_alignment	: 64
address sizes	: 40 bits physical, 48 bits virtual
power management:



Memory: 4k page, physical 3882024k(2323540k free), swap 4063228k(4063228k free)

vm_info: Java HotSpot(TM) 64-Bit Server VM (25.5-b02) for linux-amd64 JRE (1.8.0_05-b13), built on Mar 18 2014 00:29:27 by "java_re" with gcc 4.3.0 20080428 (Red Hat 4.3.0-8)

time: Tue Mar 23 15:21:06 2021
elapsed time: 0 seconds

